<?xml version="1.0" encoding="UTF-8"?>
<!-- Generated by org.testng.reporters.JUnitXMLReporter -->
<testsuite ignored="2" hostname="TIBCO-PF373QX5" failures="0" tests="1" name="Test" time="0.041" errors="0" timestamp="2022-05-28T16:39:33 IST">
  <testcase classname="Test.New" name="abc" time="0.006"/>
  <testcase classname="Test.New" name="abc2" time="0.0">
    <ignored/>
  </testcase> <!-- abc2 -->
  <testcase classname="Test.New" name="abc3" time="0.0">
    <ignored/>
  </testcase> <!-- abc3 -->
</testsuite> <!-- Test -->
