<?xml version="1.0" encoding="UTF-8"?>
<testng-results ignored="0" total="3" passed="3" failed="0" skipped="0">
  <reporter-output>
  </reporter-output>
  <suite started-at="2022-05-28T16:59:31 IST" name="Default suite" finished-at="2022-05-28T16:59:31 IST" duration-ms="158">
    <groups>
      <group name="rahul">
        <method signature="New.abc()[pri:-9, instance:Test.New@7e9131d5]" name="abc" class="Test.New"/>
        <method signature="New.abc3()[pri:-9, instance:Test.New@7e9131d5]" name="abc3" class="Test.New"/>
      </group> <!-- rahul -->
    </groups>
    <test started-at="2022-05-28T16:59:31 IST" name="Default test" finished-at="2022-05-28T16:59:31 IST" duration-ms="158">
      <class name="Test.New">
        <test-method signature="ABC()[pri:-9, instance:Test.New@7e9131d5]" started-at="2022-05-28T16:59:31 IST" name="ABC" finished-at="2022-05-28T16:59:31 IST" duration-ms="27" status="PASS">
          <reporter-output>
          </reporter-output>
        </test-method> <!-- ABC -->
        <test-method signature="abc()[pri:-9, instance:Test.New@7e9131d5]" started-at="2022-05-28T16:59:31 IST" name="abc" finished-at="2022-05-28T16:59:31 IST" duration-ms="4" status="PASS">
          <reporter-output>
          </reporter-output>
        </test-method> <!-- abc -->
        <test-method signature="abc3()[pri:-9, instance:Test.New@7e9131d5]" started-at="2022-05-28T16:59:31 IST" name="abc3" finished-at="2022-05-28T16:59:31 IST" duration-ms="4" status="PASS">
          <reporter-output>
          </reporter-output>
        </test-method> <!-- abc3 -->
      </class> <!-- Test.New -->
    </test> <!-- Default test -->
  </suite> <!-- Default suite -->
</testng-results>
