<?xml version="1.0" encoding="UTF-8"?>
<!-- Generated by org.testng.reporters.JUnitXMLReporter -->
<testsuite ignored="1" hostname="TIBCO-PF373QX5" failures="0" tests="10" name="a" time="0.081" errors="0" timestamp="2022-03-25T00:46:47 IST">
  <testcase classname="Test.Day1" name="abc" time="0.007"/>
  <testcase classname="Test.Day2" name="abc" time="0.001"/>
  <testcase classname="Test.Day3" name="LoginAPICarLoan" time="0.001"/>
  <testcase classname="Test.Day3" name="MobileLoginCarLoan" time="0.002"/>
  <testcase classname="Test.Day3" name="WebLoginCarLoan" time="0.002"/>
  <testcase classname="Test.Day4" name="LoginAPIHomeLoan" time="0.001"/>
  <testcase classname="Test.Day4" name="MobileLoginHomeLoan" time="0.001"/>
  <testcase classname="Test.Day4" name="WebLoginHomeLoan" time="0.001"/>
  <testcase classname="Test.Day4" name="WebLoginHomeLoan" time="0.001"/>
  <testcase classname="Test.Day4" name="WebLoginHomeLoan" time="0.001"/>
  <testcase classname="Test.Day1" name="ab1c" time="0.0">
    <ignored/>
  </testcase> <!-- ab1c -->
</testsuite> <!-- a -->
