<?xml version="1.0" encoding="UTF-8"?>
<!-- Generated by org.testng.reporters.JUnitXMLReporter -->
<testsuite ignored="0" hostname="TIBCO-PF373QX5" failures="0" tests="6" name="PersonaLoadn" time="0.153" errors="0" timestamp="2022-03-25T00:30:43 IST">
  <testcase classname="Test.Day1" name="abc" time="0.016"/>
  <testcase classname="Test.Day1" name="ab1c" time="0.002"/>
  <testcase classname="Test.Day2" name="abc" time="0.002"/>
  <testcase classname="Test.Day4" name="LoginAPIHomeLoan" time="0.004"/>
  <testcase classname="Test.Day4" name="MobileLoginHomeLoan" time="0.003"/>
  <testcase classname="Test.Day4" name="WebLoginHomeLoan" time="0.002"/>
</testsuite> <!-- PersonaLoadn -->
